<?xml version="1.0" encoding="UTF-8"?>
<coverage generated="1730915468426" clover="3.2.0">
  <project timestamp="1730915468426" name="All files">
    <metrics statements="10" coveredstatements="10" conditionals="2" coveredconditionals="2" methods="3" coveredmethods="3" elements="15" coveredelements="15" complexity="0" loc="10" ncloc="10" packages="1" files="3" classes="3"/>
    <file name="circulo.js" path="C:\Users\luistoledo\Documents\api-rest\tercer-parcial\01-test-node\modules\circulo.js">
      <metrics statements="4" coveredstatements="4" conditionals="2" coveredconditionals="2" methods="1" coveredmethods="1"/>
      <line num="2" count="1" type="stmt"/>
      <line num="3" count="2" type="cond" truecount="2" falsecount="0"/>
      <line num="4" count="1" type="stmt"/>
      <line num="7" count="1" type="stmt"/>
    </file>
    <file name="email.js" path="C:\Users\luistoledo\Documents\api-rest\tercer-parcial\01-test-node\modules\email.js">
      <metrics statements="3" coveredstatements="3" conditionals="0" coveredconditionals="0" methods="1" coveredmethods="1"/>
      <line num="3" count="3" type="stmt"/>
      <line num="4" count="3" type="stmt"/>
      <line num="7" count="1" type="stmt"/>
    </file>
    <file name="saludo.js" path="C:\Users\luistoledo\Documents\api-rest\tercer-parcial\01-test-node\modules\saludo.js">
      <metrics statements="3" coveredstatements="3" conditionals="0" coveredconditionals="0" methods="1" coveredmethods="1"/>
      <line num="2" count="1" type="stmt"/>
      <line num="3" count="1" type="stmt"/>
      <line num="6" count="1" type="stmt"/>
    </file>
  </project>
</coverage>
