{"C:\\Users\\luistoledo\\Documents\\api-rest\\tercer-parcial\\01-test-node\\modules\\circulo.js": {"path":"C:\\Users\\luistoledo\\Documents\\api-rest\\tercer-parcial\\01-test-node\\modules\\circulo.js","statementMap":{"0":{"start":{"line":2,"column":20},"end":{"line":5,"column":1}},"1":{"start":{"line":3,"column":4},"end":{"line":3,"column":64}},"2":{"start":{"line":3,"column":19},"end":{"line":3,"column":64}},"3":{"start":{"line":4,"column":4},"end":{"line":4,"column":34}},"4":{"start":{"line":7,"column":0},"end":{"line":9,"column":1}}},"fnMap":{"0":{"name":"(anonymous_0)","decl":{"start":{"line":2,"column":20},"end":{"line":2,"column":21}},"loc":{"start":{"line":2,"column":31},"end":{"line":5,"column":1}},"line":2}},"branchMap":{"0":{"loc":{"start":{"line":3,"column":4},"end":{"line":3,"column":64}},"type":"if","locations":[{"start":{"line":3,"column":4},"end":{"line":3,"column":64}},{"start":{},"end":{}}],"line":3}},"s":{"0":1,"1":2,"2":1,"3":1,"4":1},"f":{"0":2},"b":{"0":[1,1]},"_coverageSchema":"1a1c01bbd47fc00a2c39e90264f33305004495a9","hash":"3cb59bb14a01911c066fc7b6eba033a2c6e3c059"}
,"C:\\Users\\luistoledo\\Documents\\api-rest\\tercer-parcial\\01-test-node\\modules\\email.js": {"path":"C:\\Users\\luistoledo\\Documents\\api-rest\\tercer-parcial\\01-test-node\\modules\\email.js","statementMap":{"0":{"start":{"line":3,"column":18},"end":{"line":3,"column":46}},"1":{"start":{"line":4,"column":4},"end":{"line":4,"column":29}},"2":{"start":{"line":7,"column":0},"end":{"line":9,"column":1}}},"fnMap":{"0":{"name":"esCorreoValido","decl":{"start":{"line":2,"column":9},"end":{"line":2,"column":23}},"loc":{"start":{"line":2,"column":32},"end":{"line":5,"column":1}},"line":2}},"branchMap":{},"s":{"0":3,"1":3,"2":1},"f":{"0":3},"b":{},"_coverageSchema":"1a1c01bbd47fc00a2c39e90264f33305004495a9","hash":"d07d484b8eb1b9fb239c4e7ca65de19c6948815e"}
,"C:\\Users\\luistoledo\\Documents\\api-rest\\tercer-parcial\\01-test-node\\modules\\saludo.js": {"path":"C:\\Users\\luistoledo\\Documents\\api-rest\\tercer-parcial\\01-test-node\\modules\\saludo.js","statementMap":{"0":{"start":{"line":2,"column":16},"end":{"line":4,"column":1}},"1":{"start":{"line":3,"column":4},"end":{"line":3,"column":29}},"2":{"start":{"line":6,"column":0},"end":{"line":8,"column":1}}},"fnMap":{"0":{"name":"(anonymous_0)","decl":{"start":{"line":2,"column":16},"end":{"line":2,"column":17}},"loc":{"start":{"line":2,"column":28},"end":{"line":4,"column":1}},"line":2}},"branchMap":{},"s":{"0":1,"1":1,"2":1},"f":{"0":1},"b":{},"_coverageSchema":"1a1c01bbd47fc00a2c39e90264f33305004495a9","hash":"30cd858f3cfa568f07ef2500ada6193246c62b78"}
}
